2014/06/15 11:30:15 [error] [php] Object of class CBreadcrumbs could not be converted to string (C:\xampp\htdocs\TestingCareerPortal\protected\views\layouts\main.php:136)
Stack trace:
#0 C:\xampp\htdocs\yii\framework\web\widgets\CContentDecorator.php(76): SiteController->renderFile()
#1 C:\xampp\htdocs\yii\framework\web\widgets\CContentDecorator.php(54): CContentDecorator->decorate()
#2 C:\xampp\htdocs\yii\framework\web\widgets\COutputProcessor.php(44): CContentDecorator->processOutput()
#3 C:\xampp\htdocs\yii\framework\web\CBaseController.php(206): CContentDecorator->run()
#4 C:\xampp\htdocs\yii\framework\web\CBaseController.php(300): SiteController->endWidget()
#5 C:\xampp\htdocs\TestingCareerPortal\protected\views\layouts\column1.php(6): SiteController->endContent()
#6 C:\xampp\htdocs\yii\framework\web\CBaseController.php(126): require()
#7 C:\xampp\htdocs\yii\framework\web\CBaseController.php(95): SiteController->renderInternal()
#8 C:\xampp\htdocs\yii\framework\web\CController.php(784): SiteController->renderFile()
#9 C:\xampp\htdocs\TestingCareerPortal\protected\controllers\SiteController.php(32): SiteController->render()
#10 C:\xampp\htdocs\yii\framework\web\actions\CInlineAction.php(49): SiteController->actionIndex()
#11 C:\xampp\htdocs\yii\framework\web\CController.php(308): CInlineAction->runWithParams()
#12 C:\xampp\htdocs\yii\framework\web\CController.php(286): SiteController->runAction()
#13 C:\xampp\htdocs\yii\framework\web\CController.php(265): SiteController->runActionWithFilters()
#14 C:\xampp\htdocs\yii\framework\web\CWebApplication.php(282): SiteController->run()
#15 C:\xampp\htdocs\yii\framework\web\CWebApplication.php(141): CWebApplication->runController()
#16 C:\xampp\htdocs\yii\framework\base\CApplication.php(180): CWebApplication->processRequest()
#17 C:\xampp\htdocs\TestingCareerPortal\index.php(13): CWebApplication->run()
REQUEST_URI=/TestingCareerPortal/index.php
in C:\xampp\htdocs\TestingCareerPortal\protected\views\layouts\main.php (136)
in C:\xampp\htdocs\TestingCareerPortal\protected\views\layouts\column1.php (6)
in C:\xampp\htdocs\TestingCareerPortal\protected\controllers\SiteController.php (32)
2014/06/15 11:31:09 [error] [php] Array to string conversion (C:\xampp\htdocs\TestingCareerPortal\protected\views\layouts\main.php:134)
Stack trace:
#0 C:\xampp\htdocs\yii\framework\web\widgets\CContentDecorator.php(76): SiteController->renderFile()
#1 C:\xampp\htdocs\yii\framework\web\widgets\CContentDecorator.php(54): CContentDecorator->decorate()
#2 C:\xampp\htdocs\yii\framework\web\widgets\COutputProcessor.php(44): CContentDecorator->processOutput()
#3 C:\xampp\htdocs\yii\framework\web\CBaseController.php(206): CContentDecorator->run()
#4 C:\xampp\htdocs\yii\framework\web\CBaseController.php(300): SiteController->endWidget()
#5 C:\xampp\htdocs\TestingCareerPortal\protected\views\layouts\column1.php(6): SiteController->endContent()
#6 C:\xampp\htdocs\yii\framework\web\CBaseController.php(126): require()
#7 C:\xampp\htdocs\yii\framework\web\CBaseController.php(95): SiteController->renderInternal()
#8 C:\xampp\htdocs\yii\framework\web\CController.php(784): SiteController->renderFile()
#9 C:\xampp\htdocs\TestingCareerPortal\protected\controllers\SiteController.php(32): SiteController->render()
#10 C:\xampp\htdocs\yii\framework\web\actions\CInlineAction.php(49): SiteController->actionIndex()
#11 C:\xampp\htdocs\yii\framework\web\CController.php(308): CInlineAction->runWithParams()
#12 C:\xampp\htdocs\yii\framework\web\CController.php(286): SiteController->runAction()
#13 C:\xampp\htdocs\yii\framework\web\CController.php(265): SiteController->runActionWithFilters()
#14 C:\xampp\htdocs\yii\framework\web\CWebApplication.php(282): SiteController->run()
#15 C:\xampp\htdocs\yii\framework\web\CWebApplication.php(141): CWebApplication->runController()
#16 C:\xampp\htdocs\yii\framework\base\CApplication.php(180): CWebApplication->processRequest()
#17 C:\xampp\htdocs\TestingCareerPortal\index.php(13): CWebApplication->run()
REQUEST_URI=/TestingCareerPortal/index.php
in C:\xampp\htdocs\TestingCareerPortal\protected\views\layouts\main.php (134)
in C:\xampp\htdocs\TestingCareerPortal\protected\views\layouts\column1.php (6)
in C:\xampp\htdocs\TestingCareerPortal\protected\controllers\SiteController.php (32)
